<?xml version="1.0" encoding="UTF-8"?>
<!-- Generated by org.testng.reporters.JUnitReportReporter -->
<testsuite skipped="0" hostname="MSI" name="testcases.TC_003_LoginDDT" tests="4" failures="0" timestamp="2022-06-29T19:10:37 IST" time="32.827" errors="0">
  <testcase name="test_LoginDDT" time="10.640" classname="testcases.TC_003_LoginDDT"/>
  <system-out/>
  <testcase name="test_LoginDDT" time="10.658" classname="testcases.TC_003_LoginDDT"/>
  <system-out/>
  <testcase name="test_LoginDDT" time="0.912" classname="testcases.TC_003_LoginDDT"/>
  <system-out/>
  <testcase name="test_LoginDDT" time="10.617" classname="testcases.TC_003_LoginDDT"/>
  <system-out/>
</testsuite> <!-- testcases.TC_003_LoginDDT -->
