<?xml version="1.0" encoding="UTF-8"?>
<!-- Generated by org.testng.reporters.JUnitReportReporter -->
<testsuite skipped="0" hostname="MSI" name="testcases.TC_001_AccountRegistration" tests="1" failures="0" timestamp="2022-07-01T01:31:16 IST" time="3.140" errors="0">
  <testcase name="test_account_registration" time="3.140" classname="testcases.TC_001_AccountRegistration"/>
  <system-out/>
</testsuite> <!-- testcases.TC_001_AccountRegistration -->
