<?xml version="1.0" encoding="UTF-8"?>
<!-- Generated by org.testng.reporters.JUnitReportReporter -->
<testsuite skipped="0" hostname="MSI" name="testcases.TC_002_Login" tests="1" failures="0" timestamp="2022-07-01T01:31:16 IST" time="0.800" errors="0">
  <testcase name="test_Login" time="0.800" classname="testcases.TC_002_Login"/>
  <system-out/>
</testsuite> <!-- testcases.TC_002_Login -->
